<?xml version="1.0" encoding="UTF-8"?>
<testng-results ignored="0" total="1" passed="1" failed="0" skipped="0">
  <reporter-output>
  </reporter-output>
  <suite started-at="2022-07-02T11:07:08 IST" name="Default suite" finished-at="2022-07-02T11:07:13 IST" duration-ms="4905">
    <groups>
    </groups>
    <test started-at="2022-07-02T11:07:08 IST" name="Default test" finished-at="2022-07-02T11:07:13 IST" duration-ms="4905">
      <class name="gethubbyTestNG.Channing">
        <test-method signature="open()[pri:0, instance:gethubbyTestNG.Channing@73ee04c8]" started-at="2022-07-02T11:07:08 IST" name="open" finished-at="2022-07-02T11:07:13 IST" duration-ms="4880" status="PASS">
          <reporter-output>
          </reporter-output>
        </test-method> <!-- open -->
      </class> <!-- gethubbyTestNG.Channing -->
    </test> <!-- Default test -->
  </suite> <!-- Default suite -->
</testng-results>
